<?xml version="1.0" encoding="UTF-8"?>
<testsuite name="com.example.klimate.PointsManagerTest" tests="6" skipped="0" failures="0" errors="0" timestamp="2026-04-05T11:50:38.295Z" hostname="HEMLO" time="0.006">
  <properties/>
  <testcase name="testResultIsNeverNegative" classname="com.example.klimate.PointsManagerTest" time="0.004"/>
  <testcase name="testZeroVotes_returnsZero" classname="com.example.klimate.PointsManagerTest" time="0.0"/>
  <testcase name="testLargeVoteCount_scalesCorrectly" classname="com.example.klimate.PointsManagerTest" time="0.001"/>
  <testcase name="testFiveVotes_returnsTen" classname="com.example.klimate.PointsManagerTest" time="0.0"/>
  <testcase name="testNegativeInput_returnsZero" classname="com.example.klimate.PointsManagerTest" time="0.0"/>
  <testcase name="testOneVote_returnsTwo" classname="com.example.klimate.PointsManagerTest" time="0.0"/>
  <system-out><![CDATA[]]></system-out>
  <system-err><![CDATA[]]></system-err>
</testsuite>
